# JRE version: OpenJDK Runtime Environment (11.0.15) (build 11.0.15+0-b2043.56-9505619)
# Java VM: OpenJDK 64-Bit Server VM (11.0.15+0-b2043.56-9505619, mixed mode, tiered, compressed oops, g1 gc, windows-amd64)
Heap:
 garbage-first heap   total 258048K, used 124153K [0x0000000705800000, 0x0000000800000000)
  region size 1024K, 98 young (100352K), 11 survivors (11264K)
 Metaspace       used 56257K, capacity 56858K, committed 57040K, reserved 1099776K
  class space    used 6271K, capacity 6527K, committed 6612K, reserved 1048576K
GC Heap History (12 events):
Event: 0.389 GC heap before
{Heap before GC invocations=0 (full 0):
 garbage-first heap   total 258048K, used 28672K [0x0000000705800000, 0x0000000800000000)
  region size 1024K, 24 young (24576K), 0 survivors (0K)
 Metaspace       used 12124K, capacity 12280K, committed 12544K, reserved 1060864K
  class space    used 1118K, capacity 1175K, committed 1280K, reserved 1048576K
}
Event: 0.391 GC heap after
{Heap after GC invocations=1 (full 0):
 garbage-first heap   total 258048K, used 6860K [0x0000000705800000, 0x0000000800000000)
  region size 1024K, 3 young (3072K), 3 survivors (3072K)
 Metaspace       used 12124K, capacity 12280K, committed 12544K, reserved 1060864K
  class space    used 1118K, capacity 1175K, committed 1280K, reserved 1048576K
}
Event: 0.841 GC heap before
{Heap before GC invocations=1 (full 0):
 garbage-first heap   total 258048K, used 45772K [0x0000000705800000, 0x0000000800000000)
  region size 1024K, 42 young (43008K), 3 survivors (3072K)
 Metaspace       used 20908K, capacity 21185K, committed 21248K, reserved 1069056K
  class space    used 2217K, capacity 2278K, committed 2304K, reserved 1048576K
}
Event: 0.850 GC heap after
{Heap after GC invocations=2 (full 0):
 garbage-first heap   total 258048K, used 10516K [0x0000000705800000, 0x0000000800000000)
  region size 1024K, 7 young (7168K), 7 survivors (7168K)
 Metaspace       used 20908K, capacity 21185K, committed 21248K, reserved 1069056K
  class space    used 2217K, capacity 2278K, committed 2304K, reserved 1048576K
}
Event: 1.552 GC heap before
{Heap before GC invocations=3 (full 0):
 garbage-first heap   total 258048K, used 70932K [0x0000000705800000, 0x0000000800000000)
  region size 1024K, 60 young (61440K), 7 survivors (7168K)
 Metaspace       used 31092K, capacity 31579K, committed 31868K, reserved 1077248K
  class space    used 3654K, capacity 3864K, committed 3968K, reserved 1048576K
}
Event: 1.561 GC heap after
{Heap after GC invocations=4 (full 0):
 garbage-first heap   total 258048K, used 25092K [0x0000000705800000, 0x0000000800000000)
  region size 1024K, 8 young (8192K), 8 survivors (8192K)
 Metaspace       used 31092K, capacity 31579K, committed 31868K, reserved 1077248K
  class space    used 3654K, capacity 3864K, committed 3968K, reserved 1048576K
}
Event: 1.624 GC heap before
{Heap before GC invocations=4 (full 0):
 garbage-first heap   total 258048K, used 29188K [0x0000000705800000, 0x0000000800000000)
  region size 1024K, 12 young (12288K), 8 survivors (8192K)
 Metaspace       used 32282K, capacity 32774K, committed 33148K, reserved 1079296K
  class space    used 3961K, capacity 4153K, committed 4224K, reserved 1048576K
}
Event: 1.629 GC heap after
{Heap after GC invocations=5 (full 0):
 garbage-first heap   total 258048K, used 26672K [0x0000000705800000, 0x0000000800000000)
  region size 1024K, 2 young (2048K), 2 survivors (2048K)
 Metaspace       used 32282K, capacity 32774K, committed 33148K, reserved 1079296K
  class space    used 3961K, capacity 4153K, committed 4224K, reserved 1048576K
}
Event: 1.822 GC heap before
{Heap before GC invocations=5 (full 0):
 garbage-first heap   total 258048K, used 38960K [0x0000000705800000, 0x0000000800000000)
  region size 1024K, 15 young (15360K), 2 survivors (2048K)
 Metaspace       used 35407K, capacity 35819K, committed 36048K, reserved 1081344K
  class space    used 4307K, capacity 4507K, committed 4564K, reserved 1048576K
}
Event: 1.824 GC heap after
{Heap after GC invocations=6 (full 0):
 garbage-first heap   total 258048K, used 26881K [0x0000000705800000, 0x0000000800000000)
  region size 1024K, 2 young (2048K), 2 survivors (2048K)
 Metaspace       used 35407K, capacity 35819K, committed 36048K, reserved 1081344K
  class space    used 4307K, capacity 4507K, committed 4564K, reserved 1048576K
}
Event: 2.995 GC heap before
{Heap before GC invocations=7 (full 0):
 garbage-first heap   total 258048K, used 134401K [0x0000000705800000, 0x0000000800000000)
  region size 1024K, 104 young (106496K), 2 survivors (2048K)
 Metaspace       used 50249K, capacity 50769K, committed 50896K, reserved 1093632K
  class space    used 5800K, capacity 6029K, committed 6100K, reserved 1048576K
}
Event: 3.002 GC heap after
{Heap after GC invocations=8 (full 0):
 garbage-first heap   total 258048K, used 36089K [0x0000000705800000, 0x0000000800000000)
  region size 1024K, 11 young (11264K), 11 survivors (11264K)
 Metaspace       used 50249K, capacity 50769K, committed 50896K, reserved 1093632K
  class space    used 5800K, capacity 6029K, committed 6100K, reserved 1048576K
}

