# JRE version: OpenJDK Runtime Environment (11.0.15) (build 11.0.15+0-b2043.56-9505619)
# Java VM: OpenJDK 64-Bit Server VM (11.0.15+0-b2043.56-9505619, mixed mode, tiered, compressed oops, g1 gc, windows-amd64)
Heap:
 garbage-first heap   total 320512K, used 52886K [0x0000000705800000, 0x0000000800000000)
  region size 1024K, 16 young (16384K), 16 survivors (16384K)
 Metaspace       used 57472K, capacity 58061K, committed 58192K, reserved 1101824K
  class space    used 6430K, capacity 6672K, committed 6740K, reserved 1048576K
GC Heap History (13 events):
Event: 0.389 GC heap before
{Heap before GC invocations=0 (full 0):
 garbage-first heap   total 258048K, used 28672K [0x0000000705800000, 0x0000000800000000)
  region size 1024K, 24 young (24576K), 0 survivors (0K)
 Metaspace       used 12123K, capacity 12280K, committed 12544K, reserved 1060864K
  class space    used 1118K, capacity 1175K, committed 1280K, reserved 1048576K
}
Event: 0.390 GC heap after
{Heap after GC invocations=1 (full 0):
 garbage-first heap   total 258048K, used 6760K [0x0000000705800000, 0x0000000800000000)
  region size 1024K, 3 young (3072K), 3 survivors (3072K)
 Metaspace       used 12123K, capacity 12280K, committed 12544K, reserved 1060864K
  class space    used 1118K, capacity 1175K, committed 1280K, reserved 1048576K
}
Event: 0.835 GC heap before
{Heap before GC invocations=1 (full 0):
 garbage-first heap   total 258048K, used 45672K [0x0000000705800000, 0x0000000800000000)
  region size 1024K, 42 young (43008K), 3 survivors (3072K)
 Metaspace       used 20884K, capacity 21185K, committed 21248K, reserved 1069056K
  class space    used 2217K, capacity 2278K, committed 2304K, reserved 1048576K
}
Event: 0.843 GC heap after
{Heap after GC invocations=2 (full 0):
 garbage-first heap   total 258048K, used 10405K [0x0000000705800000, 0x0000000800000000)
  region size 1024K, 7 young (7168K), 7 survivors (7168K)
 Metaspace       used 20884K, capacity 21185K, committed 21248K, reserved 1069056K
  class space    used 2217K, capacity 2278K, committed 2304K, reserved 1048576K
}
Event: 1.441 GC heap before
{Heap before GC invocations=3 (full 0):
 garbage-first heap   total 258048K, used 70821K [0x0000000705800000, 0x0000000800000000)
  region size 1024K, 60 young (61440K), 7 survivors (7168K)
 Metaspace       used 30998K, capacity 31483K, committed 31740K, reserved 1077248K
  class space    used 3643K, capacity 3832K, committed 3840K, reserved 1048576K
}
Event: 1.451 GC heap after
{Heap after GC invocations=4 (full 0):
 garbage-first heap   total 258048K, used 25721K [0x0000000705800000, 0x0000000800000000)
  region size 1024K, 8 young (8192K), 8 survivors (8192K)
 Metaspace       used 30998K, capacity 31483K, committed 31740K, reserved 1077248K
  class space    used 3643K, capacity 3832K, committed 3840K, reserved 1048576K
}
Event: 1.614 GC heap before
{Heap before GC invocations=4 (full 0):
 garbage-first heap   total 258048K, used 38009K [0x0000000705800000, 0x0000000800000000)
  region size 1024K, 20 young (20480K), 8 survivors (8192K)
 Metaspace       used 34526K, capacity 35018K, committed 35452K, reserved 1081344K
  class space    used 4225K, capacity 4411K, committed 4480K, reserved 1048576K
}
Event: 1.620 GC heap after
{Heap after GC invocations=5 (full 0):
 garbage-first heap   total 258048K, used 27284K [0x0000000705800000, 0x0000000800000000)
  region size 1024K, 2 young (2048K), 2 survivors (2048K)
 Metaspace       used 34526K, capacity 35018K, committed 35452K, reserved 1081344K
  class space    used 4225K, capacity 4411K, committed 4480K, reserved 1048576K
}
Event: 1.675 GC heap before
{Heap before GC invocations=5 (full 0):
 garbage-first heap   total 258048K, used 31380K [0x0000000705800000, 0x0000000800000000)
  region size 1024K, 7 young (7168K), 2 survivors (2048K)
 Metaspace       used 35402K, capacity 35818K, committed 36048K, reserved 1081344K
  class space    used 4306K, capacity 4507K, committed 4564K, reserved 1048576K
}
Event: 1.677 GC heap after
{Heap after GC invocations=6 (full 0):
 garbage-first heap   total 258048K, used 27209K [0x0000000705800000, 0x0000000800000000)
  region size 1024K, 2 young (2048K), 2 survivors (2048K)
 Metaspace       used 35402K, capacity 35818K, committed 36048K, reserved 1081344K
  class space    used 4306K, capacity 4507K, committed 4564K, reserved 1048576K
}
Event: 2.662 GC heap before
{Heap before GC invocations=7 (full 0):
 garbage-first heap   total 258048K, used 134729K [0x0000000705800000, 0x0000000800000000)
  region size 1024K, 104 young (106496K), 2 survivors (2048K)
 Metaspace       used 50196K, capacity 50769K, committed 50896K, reserved 1093632K
  class space    used 5802K, capacity 6029K, committed 6100K, reserved 1048576K
}
Event: 2.678 GC heap after
{Heap after GC invocations=8 (full 0):
 garbage-first heap   total 258048K, used 36474K [0x0000000705800000, 0x0000000800000000)
  region size 1024K, 11 young (11264K), 11 survivors (11264K)
 Metaspace       used 50196K, capacity 50769K, committed 50896K, reserved 1093632K
  class space    used 5802K, capacity 6029K, committed 6100K, reserved 1048576K
}
Event: 4.060 GC heap before
{Heap before GC invocations=9 (full 0):
 garbage-first heap   total 258048K, used 151162K [0x0000000705800000, 0x0000000800000000)
  region size 1024K, 123 young (125952K), 11 survivors (11264K)
 Metaspace       used 57472K, capacity 58061K, committed 58192K, reserved 1101824K
  class space    used 6430K, capacity 6672K, committed 6740K, reserved 1048576K
}

